[www.mrsandmr.com/index.html]
[backblue.gif]
[fade.gif]
[index.html]
[assets.website-files.com/5a677148ba9776000183379d/css/mrs-mr-2-0.e4b70b152.css]
[assets.website-files.com/5a677148ba9776000183379d/5e7a1bbb2077c0a6b4e3d835_favicon.png]
[assets.website-files.com/5a677148ba9776000183379d/5e7a1c1e15620b7f99f0150e_webclip.png]
[www.mrsandmr.com/news.html]
[assets.website-files.com/5a677148ba9776000183379d/5f5264bc270d465792671e47_books.png]
[assets.website-files.com/5a677148ba9776000183379d/5f5265f168ea0d9bd2e5df10_tent.png]
[assets.website-files.com/5a677148ba9776000183379d/5f52b5679c6fe86098a70bc4_shoe_2.png]
[assets.website-files.com/5a677148ba9776000183379d/5f52649466a12f3fd6df29c8_a.png]
[assets.website-files.com/5a677148ba9776000183379d/5f52570d4bbecc6a5545c35f_chair.png]
[assets.website-files.com/5a677148ba9776000183379d/5f5257852e686e4d45640923_kate.png]
[assets.website-files.com/5a677148ba9776000183379d/5f5257c05efced10aacc86ee_camera.png]
[assets.website-files.com/5a677148ba9776000183379d/5f5257ff6b26e000f205911b_color book.png]
[assets.website-files.com/5a677148ba9776000183379d/5f52582b7ac94680ac5467f0_pen.png]
[assets.website-files.com/5a677148ba9776000183379d/5f5258d1ef541deb22e1b57f_arrow.png]
[assets.website-files.com/5a677148ba9776000183379d/5f5258fa887e1d57a168d826_bird.png]
[assets.website-files.com/5a677148ba9776000183379d/5f5258f123ee3657ae4ee800_bird_1.png]
[assets.website-files.com/5a677148ba9776000183379d/5f52651966a12fcc2fdf2af2_ice cream.png]
[assets.website-files.com/5a677148ba9776000183379d/5f52b5511d549729e1fd3697_bag_1.png]
[assets.website-files.com/5a677148ba9776000183379d/5f525b5d7ad1c114f69d5c44_scrap.png]
[assets.website-files.com/5a677148ba9776000183379d/5f525a3af1f5b21e78099cc8_vegemite.png]
[assets.website-files.com/5a677148ba9776000183379d/5f525bb8d3c0f475ebe16e3b_popcorn.png]
[assets.website-files.com/5a677148ba9776000183379d/5f5259c8a9a0175a1e0bac03_cat.png]
[assets.website-files.com/5a677148ba9776000183379d/5f5263a9ac29d950fdce437f_eye.png]
[assets.website-files.com/5a677148ba9776000183379d/5f526413c9e4fe1e829e4f55_Asset 25.png]
[assets.website-files.com/5a677148ba9776000183379d/5f52b53d950fd02ab919c17c_halftone scrap tape.png]
[assets.website-files.com/5a677148ba9776000183379d/5f5263ce2b62bf620768e338_hand.png]
[assets.website-files.com/5a677148ba9776000183379d/5f5263df630d511b9bec74d4_femme ferece.png]
[assets.website-files.com/5a677148ba9776000183379d/5f5263f89b09eb43b7e46be4_glasses.png]
[assets.website-files.com/5a677148ba9776000183379d/5f5264a8c46cbba993af385b_phone.png]
[assets.website-files.com/5a677148ba9776000183379d/5f5264e8319d5a9e6d39b766_pencil shaving.png]
[assets.website-files.com/5a677148ba9776000183379d/5f526469630d515a32ec768a_chair2.png]
[assets.website-files.com/5a677148ba9776000183379d/5f5266d0b16bc476e15f85f6_film.png]
[assets.website-files.com/5a677148ba9776000183379d/5f52674c5c0ff53fba08d880_arrow clipping.png]
[assets.website-files.com/5a677148ba9776000183379d/5f526480d13c24a02d651b14_liberty.png]
[assets.website-files.com/5a677148ba9776000183379d/5f526571673b8c12fe6661e3_broccoli.png]
[assets.website-files.com/5a677148ba9776000183379d/5f52658e86d113641cf2c8cb_hammer.png]
[assets.website-files.com/5a677148ba9776000183379d/5f526561c46cbb36abaf3b4a_roo.png]
[assets.website-files.com/5a677148ba9776000183379d/5f526617ac29d9f5d7ce4cee_smiley bag.png]
[assets.website-files.com/5a677148ba9776000183379d/5f5266ad70a1c2b1d016a77b_mrs.png]
[assets.website-files.com/5a677148ba9776000183379d/5f5266bf66a12f4499df2ee2_bike.png]
[assets.website-files.com/5a677148ba9776000183379d/5f52a51025da1314698da676_dot arrow.png]
[assets.website-files.com/5a677148ba9776000183379d/5f529f86b7500bbbf732e227_print arrow.png]
[assets.website-files.com/5a677148ba9776000183379d/5f529ead1e06297333de5788_cheeseburger.png]
[assets.website-files.com/5a677148ba9776000183379d/5f52a3907d9431834e63b4bf_paddleboard.png]
[assets.website-files.com/5a677148ba9776000183379d/5f529dfc7ffd7c4643788187_bike.png]
[assets.website-files.com/5a677148ba9776000183379d/5f529e0398322dc16c1fd8ca_blue arrow.png]
[assets.website-files.com/5a677148ba9776000183379d/5f529ea819295a6ee8597532_chair.png]
[assets.website-files.com/5a677148ba9776000183379d/5f529eb59c6fe85193a6b91e_chess.png]
[assets.website-files.com/5a677148ba9776000183379d/5f529ebcaa6939cccacd6c6b_chocolate.png]
[assets.website-files.com/5a677148ba9776000183379d/5f529f1aaa69390749cd6cd0_daniel.png]
[assets.website-files.com/5a677148ba9776000183379d/5f529e0c4292843956e9f551_books.png]
[assets.website-files.com/5a677148ba9776000183379d/5f529eda953fbeed787311fa_dog.png]
[assets.website-files.com/5a677148ba9776000183379d/5f529dabf8a84f3da35181c9_arrow clip.png]
[assets.website-files.com/5a677148ba9776000183379d/5f52a44a953fbe0725731a99_yellow arrow_1.png]
[assets.website-files.com/5a677148ba9776000183379d/5f529f423d6fa82f10f184c2_green circle.png]
[assets.website-files.com/5a677148ba9776000183379d/5f63910035768841ca8f8f2e_flag.png]
[assets.website-files.com/5a677148ba9776000183379d/5f529ea3c84b871c4dd678be_burst.png]
[assets.website-files.com/5a677148ba9776000183379d/5f529f56c2facefd7234d8b5_left circle.png]
[assets.website-files.com/5a677148ba9776000183379d/5f529f51912d57b56ead169c_lb.png]
[assets.website-files.com/5a677148ba9776000183379d/5f529ec9912d572eb1ad1462_croissant.png]
[assets.website-files.com/5a677148ba9776000183379d/5f529f5f9656dd25a35c792a_mag.png]
[assets.website-files.com/5a677148ba9776000183379d/5f52a32b950fd00b4a198bfb_espresso_1.png]
[assets.website-files.com/5a677148ba9776000183379d/5f529f6f912d57e734ad172e_meat.png]
[assets.website-files.com/5a677148ba9776000183379d/5f52a07a9c6fe8457ca6bdab_bacon.png]
[assets.website-files.com/5a677148ba9776000183379d/5f529ec375ec865c44126b6d_chucks.png]
[assets.website-files.com/5a677148ba9776000183379d/5f529e18912d572a2bad1382_booth.png]
[assets.website-files.com/5a677148ba9776000183379d/5f529f75b7500b691332e225_mr.png]
[assets.website-files.com/5a677148ba9776000183379d/5f529f7b80177e24c9312167_mustang.png]
[assets.website-files.com/5a677148ba9776000183379d/5f529f819c6fe86059a6bbed_pingpong.png]
[assets.website-files.com/5a677148ba9776000183379d/5f529f911d5497eb16fcf189_radio.png]
[assets.website-files.com/5a677148ba9776000183379d/5f529fa2953fbe883d731249_right scrap.png]
[assets.website-files.com/5a677148ba9776000183379d/5f529fc0b946bf4ec441f073_scooter.png]
[assets.website-files.com/5a677148ba9776000183379d/5f529f49953fbe743d731226_heart ny.png]
[assets.website-files.com/5a677148ba9776000183379d/5f529fcab7500b6b5632e245_shoe.png]
[assets.website-files.com/5a677148ba9776000183379d/5f529fd47b8067db49b9bdbb_speaker.png]
[assets.website-files.com/5a677148ba9776000183379d/5f529fdba53858a77dc419de_tennis ball.png]
[assets.website-files.com/5a677148ba9776000183379d/5f529fe3607d5845670facbe_turntable.png]
[assets.website-files.com/5a677148ba9776000183379d/5f52a2eefe8dbf5c28518c3a_sunglasses.png]
[assets.website-files.com/5a677148ba9776000183379d/6144c81714ba82709affc6ff_TABASCO_Bottles_Animated_02.gif]
[assets.website-files.com/5a677148ba9776000183379d/5f625a897618c42aa43910e5_Asset 36.png]
[assets.website-files.com/5a677148ba9776000183379d/5f625abc230cb6c7a6b30ebc_Asset 31.png]
[assets.website-files.com/5a677148ba9776000183379d/6144cdc38cb952cfae18301f_Asset 1.png]
[assets.website-files.com/5a677148ba9776000183379d/5f625a5d180e226edd6c86df_Asset 32.png]
[assets.website-files.com/5a677148ba9776000183379d/5f625cd27625540209b7f8ff_Asset 29.png]
[assets.website-files.com/5a677148ba9776000183379d/5f625af7f1b10b5be0c4125b_Asset 33.png]
[assets.website-files.com/5a677148ba9776000183379d/5f625cc054f9f665db4144bf_Asset 30.png]
[assets.website-files.com/5a677148ba9776000183379d/5f625dce20b6931837a08150_Asset 24.png]
[assets.website-files.com/5a677148ba9776000183379d/5f625ae37769d00dd3eb37f2_Asset 27.png]
[assets.website-files.com/5a677148ba9776000183379d/5f625ad26bc9150487295ffb_Asset 28.png]
[assets.website-files.com/5a677148ba9776000183379d/5f625b09696e0a0dfc29ebdc_Asset 23.png]
[assets.website-files.com/5a677148ba9776000183379d/5f625ce347e8fefb21f629b4_Asset 25.png]
[assets.website-files.com/5a677148ba9776000183379d/5f625cf8889ef514192aaf52_Asset 38.png]
[assets.website-files.com/5a677148ba9776000183379d/5f625dbbe73db221e0c4aaf2_Asset 22.png]
[assets.website-files.com/5a677148ba9776000183379d/5f625de0dfe6302fa2f22e67_Asset 39.png]
[assets.website-files.com/5a677148ba9776000183379d/5f625d90efe920928c42e4d6_Asset 34.png]
[assets.website-files.com/5a677148ba9776000183379d/5f6910f1fefd845ec6578802_capabilities-scroll-01.jpg]
[assets.website-files.com/5a677148ba9776000183379d/5f68ff8260bf26f1e8da30fc_capabilities-scroll-02.jpg]
[assets.website-files.com/5a677148ba9776000183379d/5f62421545117610a4e467a9_MOUSE IMAGES MASTER-01.jpg]
[assets.website-files.com/5a677148ba9776000183379d/5f5bf30413e49b50b8eff124_MOUSE IMAGES MASTER SQUARE-16.jpg]
[assets.website-files.com/5a677148ba9776000183379d/5f62431b9236151416fd25bb_MOUSE IMAGES MASTER-31.jpg]
[assets.website-files.com/5a677148ba9776000183379d/5f5bf30c7fc34314ca2ff314_MOUSE IMAGES MASTER-04.jpg]
[assets.website-files.com/5a677148ba9776000183379d/5f6230b3b4056a1f1768fb03_exports-01.jpg]
[assets.website-files.com/5a677148ba9776000183379d/5f5bf31d859660d402898311_MOUSE IMAGES MASTER-27.jpg]
[assets.website-files.com/5a677148ba9776000183379d/5f5bf31eaffc827762bf933f_MOUSE IMAGES MASTER-28.jpg]
[assets.website-files.com/5a677148ba9776000183379d/5f6242232249f3e54e2e4ac0_MOUSE IMAGES MASTER-02.jpg]
[assets.website-files.com/5a677148ba9776000183379d/5f6243fa1b48abc6c1d3fe66_exports-06.jpg]
[assets.website-files.com/5a677148ba9776000183379d/5f5bf31b8b598e1300632a98_MOUSE IMAGES MASTER-25.jpg]
[assets.website-files.com/5a677148ba9776000183379d/5f62433f6a4b6fd2c19eb986_exports-10.jpg]
[assets.website-files.com/5a677148ba9776000183379d/5f5bf316bc45c17e92eab2aa_MOUSE IMAGES MASTER-18.jpg]
[assets.website-files.com/5a677148ba9776000183379d/5f5bf31b04dea221e55d81d6_MOUSE IMAGES MASTER-24.jpg]
[assets.website-files.com/5a677148ba9776000183379d/5f62447e26a2787707902cd6_exports-21.jpg]
[assets.website-files.com/5a677148ba9776000183379d/5f5bf304dfc51366da6faeff_MOUSE IMAGES MASTER SQUARE-17.jpg]
[assets.website-files.com/5a677148ba9776000183379d/5f5bf3184de516b4a4281326_MOUSE IMAGES MASTER-21.jpg]
[assets.website-files.com/5a677148ba9776000183379d/5f62444181f5c2fb0c62a363_exports-18.jpg]
[assets.website-files.com/5a677148ba9776000183379d/5f62446031114059a92f1a26_exports-24.jpg]
[assets.website-files.com/5a677148ba9776000183379d/5f6230fa059ee8d94f60b42e_exports-04.jpg]
[assets.website-files.com/5a677148ba9776000183379d/5f62312181f5c24036627667_exports-12.jpg]
[assets.website-files.com/5a677148ba9776000183379d/5f5bf3199cac7e563e21e2b0_MOUSE IMAGES MASTER-23.jpg]
[assets.website-files.com/5a677148ba9776000183379d/5f623138835d27a0d020955b_exports-11.jpg]
[assets.website-files.com/5a677148ba9776000183379d/5f624244059ee8e4b3610a3f_MOUSE IMAGES MASTER-38.jpg]
[assets.website-files.com/5a677148ba9776000183379d/5f5bf31da768b829c47c421b_MOUSE IMAGES MASTER-26.jpg]
[assets.website-files.com/5a677148ba9776000183379d/5f5bf3177fc343271a2ff356_MOUSE IMAGES MASTER-19.jpg]
[assets.website-files.com/5a677148ba9776000183379d/5f62424ef073af45d4574fb1_MOUSE IMAGES MASTER-32.jpg]
[assets.website-files.com/5a677148ba9776000183379d/5f624262906f0bc6374949b6_exports-23.jpg]
[assets.website-files.com/5a677148ba9776000183379d/5f62427130a03429761b41d6_MOUSE IMAGES MASTER-10.jpg]
[assets.website-files.com/5a677148ba9776000183379d/5f5bf31100a0889dae161c74_MOUSE IMAGES MASTER-11.jpg]
[assets.website-files.com/5a677148ba9776000183379d/5f5bf2fd7da55b59af536606_MOUSE IMAGES MASTER SQUARE-05.jpg]
[assets.website-files.com/5a677148ba9776000183379d/5f5bf316c0d8e11959535bb9_MOUSE IMAGES MASTER-17.jpg]
[assets.website-files.com/5a677148ba9776000183379d/5f62316526598608821c5092_exports-03.jpg]
[assets.website-files.com/5a677148ba9776000183379d/5f5bf30200a0882af2161c54_MOUSE IMAGES MASTER SQUARE-14.jpg]
[assets.website-files.com/5a677148ba9776000183379d/5f5bf313c002d42ebfbf74ae_MOUSE IMAGES MASTER-14.jpg]
[assets.website-files.com/5a677148ba9776000183379d/5f5bf31f7fc343e0642ff3bc_MOUSE IMAGES MASTER-29.jpg]
[assets.website-files.com/5a677148ba9776000183379d/5f6231752ebd1c5e1d8e7bd7_exports-07.jpg]
[assets.website-files.com/5a677148ba9776000183379d/5f5bf314c0d8e1b3c3535bb8_MOUSE IMAGES MASTER-15.jpg]
[assets.website-files.com/5a677148ba9776000183379d/5f624f033f53ef71a29bad7c_exports-15.jpg]
[assets.website-files.com/5a677148ba9776000183379d/5f6242959724e9db296dd1cf_MOUSE IMAGES MASTER-16.jpg]
[assets.website-files.com/5a677148ba9776000183379d/5f5bf2fb0407fa85b0257cd4_MOUSE IMAGES MASTER SQUARE-02.jpg]
[assets.website-files.com/5a677148ba9776000183379d/5f6242b6b19fd3a5cc4429c4_MOUSE IMAGES MASTER-09.jpg]
[assets.website-files.com/5a677148ba9776000183379d/5f5bf754affc827f4cbf9b48_MOUSE IMAGES MASTER-39.jpg]
[d3e54v103j8qbb.cloudfront.net/js/jquery-3.5.1.min.dc5e7f18c8884d.js]
[assets.website-files.com/5a677148ba9776000183379d/js/mrs-mr-2-0.9c58deb7d.js]
[cdnjs.cloudflare.com/ajax/libs/gsap/3.5.1/Draggable.min.js]
[www.mrsandmr.com/index.html]
[cdnjs.cloudflare.com/ajax/libs/gsap/3.5.1/gsap.min.js]
[assets.website-files.com/5a677148ba9776000183379d/5a6b694241e4ab00014b3518_jf1.jpg]
[assets.website-files.com/5a677148ba9776000183379d/5a6b635c0fe9930001c91a8b_jf2.jpg]
[assets.website-files.com/5a677148ba9776000183379d/5a6cd7337bd20a0001843c9c_SObusinesscards.jpg]
[assets.website-files.com/5a677148ba9776000183379d/5b900377d4a87cabe5bec59b_instyle.jpg]
[assets.website-files.com/5a677148ba9776000183379d/5b9fdffeaa89c61a55c0c200_SO_Tote_dz.jpg]
[assets.website-files.com/5a677148ba9776000183379d/5b9c0b78dc117b603b4ec4dd_moodboardv2.jpg]
[assets.website-files.com/5a677148ba9776000183379d/5a8de2d5b7a50a0001e24111_SO_WebsiteScreens.jpg]
[assets.website-files.com/5a677148ba9776000183379d/5a6dc91b10ba58000189f9ff_friedavideo.jpg]
[assets.website-files.com/5a677148ba9776000183379d/5b8ffd78d4a87c1728bebed6_SOLD-OUT-PHONE-V1.jpg]
[assets.website-files.com/5a677148ba9776000183379d/5a6f20c2e92d27000126fe7a_HERSHEYS-V1.jpg]
[assets.website-files.com/5a677148ba9776000183379d/5a6f2117a4e3b00001e3428e_RETAIL.jpg]
[assets.website-files.com/5a677148ba9776000183379d/5a6f228d7ca606000137a825_hershey1.jpg]
[assets.website-files.com/5a677148ba9776000183379d/5a6f21a77ca606000137a766_hersheys2.jpg]
[assets.website-files.com/5a677148ba9776000183379d/5a6f641a168094000157c786_Screen-Shot-2017-07-15-at-4.29.29-PM.jpg]
[assets.website-files.com/5a677148ba9776000183379d/5b8edbc0d1ecf57d85f5da2d_SO_TeeSpread.jpg]
[assets.website-files.com/5a677148ba9776000183379d/5b8edc159c975e23e001ecc1_SO_TeeSpread2.jpg]
[assets.website-files.com/5a677148ba9776000183379d/5bc4f8c68fe7a25894fa92d5_SO_Collage.jpg]
[assets.website-files.com/5a677148ba9776000183379d/5d49cc218f3da1c2b6b0d3ec_Parent_Brochure5.jpg]
[assets.website-files.com/5a677148ba9776000183379d/5d53fc982c90f6da3620e09a_Boxes-04.jpg]
[assets.website-files.com/5a677148ba9776000183379d/5d4d752c5c89805acbc65fd3_YASSO_Boxes-01.jpg]
[assets.website-files.com/5a677148ba9776000183379d/5d4d7540e11fbe2c8969f1c2_YASSO_Boxes-02.jpg]
[assets.website-files.com/5a677148ba9776000183379d/5d4d754e574a784c8fd887d7_YASSO_Boxes-03.jpg]
[assets.website-files.com/5a677148ba9776000183379d/5b7b1ed23b1b6f473cf37d21_HINT_BrandBook11.jpg]
[assets.website-files.com/5a677148ba9776000183379d/5b7b1ed03b1b6f6f4cf37d20_HINT_BrandBook10.jpg]
[assets.website-files.com/5a677148ba9776000183379d/5b7b1ec8087aa0d6b6955583_HINT_BrandBook5.jpg]
[assets.website-files.com/5a677148ba9776000183379d/5b7b1ed43b1b6f6a18f37d25_HINT_BrandBook13.jpg]
[assets.website-files.com/5a677148ba9776000183379d/5b7b1ed53b1b6f72ccf37d26_HINT_BrandBook14.jpg]
[assets.website-files.com/5a677148ba9776000183379d/5b7b1ec3b7b4d96c10c6f76c_HINT_BrandBook1.jpg]
[assets.website-files.com/5a677148ba9776000183379d/5b7b1ec579dff5169f82e55d_HINT_BrandBook2.jpg]
[assets.website-files.com/5a677148ba9776000183379d/5b7b1ed7285dec32803f8ebc_HINT_BrandBook15.jpg]
[assets.website-files.com/5a677148ba9776000183379d/5b7b1ece087aa0179d955593_HINT_BrandBook9.jpg]
[assets.website-files.com/5a677148ba9776000183379d/5b7b1ec779dff5ee7282e55f_HINT_BrandBook4.jpg]
[assets.website-files.com/5a677148ba9776000183379d/5b7b1ed8e9f2d501c3563dba_HINT_BrandBook16.jpg]
[assets.website-files.com/5a677148ba9776000183379d/5b7b1ed9b7b4d9d838c6f77c_HINT_BrandBook17.jpg]
[assets.website-files.com/5a677148ba9776000183379d/5b7b1ed3e9f2d57548563db5_HINT_BrandBook12.jpg]
[assets.website-files.com/5a677148ba9776000183379d/5b7b1ec623fe17df75f6bbf2_HINT_BrandBook3.jpg]
[assets.website-files.com/5a677148ba9776000183379d/5b7b1eca23fe17ad18f6bbf5_HINT_BrandBook6.jpg]
[assets.website-files.com/5a677148ba9776000183379d/5b7b1ecc3b1b6f42faf37d1c_HINT_BrandBook7.jpg]
[assets.website-files.com/5a677148ba9776000183379d/5bbe5c353d21cfeab31956e3_HINT_BrandBook20.jpg]
[assets.website-files.com/5a677148ba9776000183379d/5bbe5c182d8b7c58a7150413_HINT_BrandBook19.jpg]
[assets.website-files.com/5a677148ba9776000183379d/5bbe5c412d8b7c3404150419_HINT_BrandBook21.jpg]
[assets.website-files.com/5a677148ba9776000183379d/5bbe5c4df185f8815ed1ace1_HINT_BrandBook22.jpg]
[assets.website-files.com/5a677148ba9776000183379d/5bbe5c7850a1aa0c768055f6_HINT_BrandBook23.jpg]
[assets.website-files.com/5a677148ba9776000183379d/5d42f2b562513b199a5c6ba9_KEEP_WallScene.jpg]
[assets.website-files.com/5a677148ba9776000183379d/5e7b91995835f1662493827a_swell-repeat.png]
[assets.website-files.com/5a677148ba9776000183379d/5e7b96bd68aaa89e4d03574e_1235768_retouched.jpg]
[assets.website-files.com/5a677148ba9776000183379d/5e7b96e87169f252f29e2139_1235772_retouched.jpg]
[assets.website-files.com/5a677148ba9776000183379d/5e7b972d68aaa8630b0359bc_1235774_retouched.jpg]
[assets.website-files.com/5a677148ba9776000183379d/5e7b9750b906fb2a8c23f680_1228830_retouch.jpg]
[assets.website-files.com/5a677148ba9776000183379d/5f57ba43d043ef55c8702ae2_tissue2.jpg]
[assets.website-files.com/5a677148ba9776000183379d/5f57ba8cbe53f73d86e622ba_16_Subway_Screens_Mockup.jpg]
[assets.website-files.com/5a677148ba9776000183379d/5f57ba8cbe53f7d1e3e622c3_10_Subway_Screens_Mockup.jpg]
[assets.website-files.com/5a677148ba9776000183379d/5f57bc22d5cfe40d59b963e7_RTR_WILD-POSTINGS_7.0.jpg]
[assets.website-files.com/5a677148ba9776000183379d/5f59134fdef38363a961ac41_sephora-background.jpg]
[assets.website-files.com/5a677148ba9776000183379d/5f591f167439cb5439bad678_5a6ccf56513ec40001b6aa20_CASE-STUDY---GOOGLE-V2-07.jpg]
[assets.website-files.com/5a677148ba9776000183379d/5f591fa9b4d552204d9a0be4_Chloe_CASE-STUDY---GOOGLE-V2-07.jpg]
[assets.website-files.com/5a677148ba9776000183379d/5f5928b36e13d279f66a87ea_SC_Brain-Wheel_HIGH-RES.jpg]
[assets.website-files.com/5a677148ba9776000183379d/5f592b5d7ad56487aba78dfd_CASESTUDY_PAPER-CUP_03.jpg]
[assets.website-files.com/5a677148ba9776000183379d/5f592c0c238ba87933108244_CASESTUDY_PAPER-CUP_05.jpg]
[assets.website-files.com/5a677148ba9776000183379d/5f592c276687d7e95cbecef6_CASESTUDY_PAPER-CUP_06.jpg]
[assets.website-files.com/5a677148ba9776000183379d/5f592c4701fc3285e086835b_CASESTUDY_PAPER-CUP_04.jpg]
[assets.website-files.com/5a677148ba9776000183379d/5f5bbdb8571545dfdb4f1866_mbw-key.jpg]
[assets.website-files.com/5a677148ba9776000183379d/5f5bec8f0407fac95e256d50_HINT_Still-Animation.gif]
[assets.website-files.com/5a677148ba9776000183379d/5d52c1867d6b7bed55ec64ad_YUM_FALLING-CARDS.jpg]
[assets.website-files.com/5a677148ba9776000183379d/5f63aae18596ec7f0b61f84e_squirrel-2.jpg]
[assets.website-files.com/5a677148ba9776000183379d/5f57bc314d83d12ab39c4eea_RTR_DZ_IN-STORE-STAIRS_3.0.jpg]
[assets.website-files.com/5a677148ba9776000183379d/5f57ba044669734266850c2f_Free-Brand-Square-Business-Cards-Mockup-PSD.jpg]
[assets.website-files.com/5a677148ba9776000183379d/5f5b81e50861ed0f5f5743a3_nwm-key.jpg]
[assets.website-files.com/5a677148ba9776000183379d/5f5bd3c20c4daf5510a1e4ea_23775CL-DifferenceMakers_cubes_18x20_INT-V2.jpg]
[assets.website-files.com/5a677148ba9776000183379d/5f63b1723576886a6a8fee28_scarlett_red_beauty-element.jpg]
[assets.website-files.com/5a677148ba9776000183379d/5f690ba248ba762f7fc1e3bb_colorplay.jpg]
[assets.website-files.com/5a677148ba9776000183379d/5f63b60ee226f61a77d40119_snack_white.jpg]
[assets.website-files.com/5a677148ba9776000183379d/5f690a990733b7b9646d4db2_sparkling-chapagne_beauty-element.jpg]
[assets.website-files.com/5a677148ba9776000183379d/5f6ce76cb3ca5fe5d8854ee2_tape2.png]
[assets.website-files.com/5a677148ba9776000183379d/5f6cf50be476d621960d105e_MonCoeur009-b_greyblue.jpg]
[assets.website-files.com/5a677148ba9776000183379d/5f6e5afc400896db5d42c743_IMG_5665-2.jpg]
[assets.website-files.com/5a677148ba9776000183379d/5f6e5b0611a1346eac2c1196_IMG_5669-2.jpg]
[assets.website-files.com/5a677148ba9776000183379d/5f6e5b1ebff36d090963566d_IMG_5670-2.jpg]
[assets.website-files.com/5a677148ba9776000183379d/5f6e5b28d6bc2d81207306e9_IMG_5671-2.jpg]
[assets.website-files.com/5a677148ba9776000183379d/5f6e5b351307ae405c04a5c0_IMG_5675-2.jpg]
[assets.website-files.com/5a677148ba9776000183379d/5f6e5b451307ae368a04a657_IMG_5672-2.jpg]
[assets.website-files.com/5a677148ba9776000183379d/5f6e5b50997af80e0d3bee64_IMG_5676-2.jpg]
[assets.website-files.com/5a677148ba9776000183379d/5f6e5b5bd6bc2d562273074e_IMG_5678-2.jpg]
[assets.website-files.com/5a677148ba9776000183379d/5f6e5b670d75a77a5165088b_IMG_5679-2.jpg]
[assets.website-files.com/5a677148ba9776000183379d/5f6e5b9330b14483c8554be3_IMG_5682-2.jpg]
[assets.website-files.com/5a677148ba9776000183379d/5f7b458848db72d2882f83bc_WildPostings-3.jpg]
[assets.website-files.com/5a677148ba9776000183379d/61450b586ccbc6e6aa611bc3_CS-Image.jpg]
[assets.website-files.com/5a677148ba9776000183379d/css/mrs-mr-2-0.e4b70b152.css]
[www.mrsandmr.com/news.html]
